--- REQUEST GET / ---
HEADERS:
{'Host': 'localhost:8080', 'Connection': 'keep-alive', 'Sec-Ch-Ua': '"Chromium";v="134", "Not:A-Brand";v="24", "Google Chrome";v="134"', 'Sec-Ch-Ua-Mobile': '?0', 'Sec-Ch-Ua-Platform': '"macOS"', 'Upgrade-Insecure-Requests': '1', 'User-Agent': 'Mozilla/5.0 (Macintosh; Intel Mac OS X 10_15_7) AppleWebKit/537.36 (KHTML, like Gecko) Chrome/134.0.0.0 Safari/537.36', 'Accept': 'text/html,application/xhtml+xml,application/xml;q=0.9,image/avif,image/webp,image/apng,*/*;q=0.8,application/signed-exchange;v=b3;q=0.7', 'Sec-Fetch-Site': 'none', 'Sec-Fetch-Mode': 'navigate', 'Sec-Fetch-User': '?1', 'Sec-Fetch-Dest': 'document', 'Accept-Encoding': 'gzip, deflate, br, zstd', 'Accept-Language': 'en-GB,en-US;q=0.9,en;q=0.8,hi;q=0.7'}
BODY:
--- RESPONSE GET / ---
HEADERS:
{'Content-Type': 'text/html; charset=utf-8', 'Content-Length': '265'}
BODY:
<!doctype html>
<html lang=en>
<title>500 Internal Server Error</title>
<h1>Internal Server Error</h1>
<p>The server encountered an internal error and was unable to complete your request. Either the server is overloaded or there is an error in the application.</p>
--- REQUEST GET /favicon.ico ---
HEADERS:
{'Host': 'localhost:8080', 'Connection': 'keep-alive', 'Sec-Ch-Ua-Platform': '"macOS"', 'User-Agent': 'Mozilla/5.0 (Macintosh; Intel Mac OS X 10_15_7) AppleWebKit/537.36 (KHTML, like Gecko) Chrome/134.0.0.0 Safari/537.36', 'Sec-Ch-Ua': '"Chromium";v="134", "Not:A-Brand";v="24", "Google Chrome";v="134"', 'Sec-Ch-Ua-Mobile': '?0', 'Accept': 'image/avif,image/webp,image/apng,image/svg+xml,image/*,*/*;q=0.8', 'Sec-Fetch-Site': 'same-origin', 'Sec-Fetch-Mode': 'no-cors', 'Sec-Fetch-Dest': 'image', 'Referer': 'http://localhost:8080/', 'Accept-Encoding': 'gzip, deflate, br, zstd', 'Accept-Language': 'en-GB,en-US;q=0.9,en;q=0.8,hi;q=0.7'}
BODY:
--- RESPONSE GET /favicon.ico ---
HEADERS:
{'Content-Type': 'text/html; charset=utf-8', 'Content-Length': '265'}
BODY:
<!doctype html>
<html lang=en>
<title>500 Internal Server Error</title>
<h1>Internal Server Error</h1>
<p>The server encountered an internal error and was unable to complete your request. Either the server is overloaded or there is an error in the application.</p>
--- REQUEST GET / ---
HEADERS:
{'Host': 'localhost:8080', 'Connection': 'keep-alive', 'Cache-Control': 'max-age=0', 'Sec-Ch-Ua': '"Chromium";v="134", "Not:A-Brand";v="24", "Google Chrome";v="134"', 'Sec-Ch-Ua-Mobile': '?0', 'Sec-Ch-Ua-Platform': '"macOS"', 'Upgrade-Insecure-Requests': '1', 'User-Agent': 'Mozilla/5.0 (Macintosh; Intel Mac OS X 10_15_7) AppleWebKit/537.36 (KHTML, like Gecko) Chrome/134.0.0.0 Safari/537.36', 'Accept': 'text/html,application/xhtml+xml,application/xml;q=0.9,image/avif,image/webp,image/apng,*/*;q=0.8,application/signed-exchange;v=b3;q=0.7', 'Sec-Fetch-Site': 'none', 'Sec-Fetch-Mode': 'navigate', 'Sec-Fetch-User': '?1', 'Sec-Fetch-Dest': 'document', 'Accept-Encoding': 'gzip, deflate, br, zstd', 'Accept-Language': 'en-GB,en-US;q=0.9,en;q=0.8,hi;q=0.7'}
BODY:
--- REQUEST GET /public/images/dpsmeg.jpg ---
HEADERS:
{'Host': 'localhost:8080', 'Connection': 'keep-alive', 'Sec-Ch-Ua-Platform': '"macOS"', 'User-Agent': 'Mozilla/5.0 (Macintosh; Intel Mac OS X 10_15_7) AppleWebKit/537.36 (KHTML, like Gecko) Chrome/134.0.0.0 Safari/537.36', 'Sec-Ch-Ua': '"Chromium";v="134", "Not:A-Brand";v="24", "Google Chrome";v="134"', 'Sec-Ch-Ua-Mobile': '?0', 'Accept': 'image/avif,image/webp,image/apng,image/svg+xml,image/*,*/*;q=0.8', 'Sec-Fetch-Site': 'same-origin', 'Sec-Fetch-Mode': 'no-cors', 'Sec-Fetch-Dest': 'image', 'Referer': 'http://localhost:8080/', 'Accept-Encoding': 'gzip, deflate, br, zstd', 'Accept-Language': 'en-GB,en-US;q=0.9,en;q=0.8,hi;q=0.7'}
BODY:
--- REQUEST GET /favicon.ico ---
HEADERS:
{'Host': 'localhost:8080', 'Connection': 'keep-alive', 'Sec-Ch-Ua-Platform': '"macOS"', 'User-Agent': 'Mozilla/5.0 (Macintosh; Intel Mac OS X 10_15_7) AppleWebKit/537.36 (KHTML, like Gecko) Chrome/134.0.0.0 Safari/537.36', 'Sec-Ch-Ua': '"Chromium";v="134", "Not:A-Brand";v="24", "Google Chrome";v="134"', 'Sec-Ch-Ua-Mobile': '?0', 'Accept': 'image/avif,image/webp,image/apng,image/svg+xml,image/*,*/*;q=0.8', 'Sec-Fetch-Site': 'same-origin', 'Sec-Fetch-Mode': 'no-cors', 'Sec-Fetch-Dest': 'image', 'Referer': 'http://localhost:8080/', 'Accept-Encoding': 'gzip, deflate, br, zstd', 'Accept-Language': 'en-GB,en-US;q=0.9,en;q=0.8,hi;q=0.7'}
BODY:
--- RESPONSE GET /favicon.ico ---
HEADERS:
{'Content-Type': 'text/html; charset=utf-8', 'Content-Length': '207'}
BODY:
<!doctype html>
<html lang=en>
<title>404 Not Found</title>
<h1>Not Found</h1>
<p>The requested URL was not found on the server. If you entered the URL manually please check your spelling and try again.</p>
--- REQUEST GET /admin-login ---
HEADERS:
{'Host': 'localhost:8080', 'Connection': 'keep-alive', 'Sec-Ch-Ua': '"Chromium";v="134", "Not:A-Brand";v="24", "Google Chrome";v="134"', 'Sec-Ch-Ua-Mobile': '?0', 'Sec-Ch-Ua-Platform': '"macOS"', 'Upgrade-Insecure-Requests': '1', 'User-Agent': 'Mozilla/5.0 (Macintosh; Intel Mac OS X 10_15_7) AppleWebKit/537.36 (KHTML, like Gecko) Chrome/134.0.0.0 Safari/537.36', 'Accept': 'text/html,application/xhtml+xml,application/xml;q=0.9,image/avif,image/webp,image/apng,*/*;q=0.8,application/signed-exchange;v=b3;q=0.7', 'Sec-Fetch-Site': 'same-origin', 'Sec-Fetch-Mode': 'navigate', 'Sec-Fetch-User': '?1', 'Sec-Fetch-Dest': 'document', 'Referer': 'http://localhost:8080/', 'Accept-Encoding': 'gzip, deflate, br, zstd', 'Accept-Language': 'en-GB,en-US;q=0.9,en;q=0.8,hi;q=0.7'}
BODY:
--- REQUEST GET /admin-login ---
HEADERS:
{'Host': 'localhost:8080', 'Connection': 'keep-alive', 'Cache-Control': 'max-age=0', 'Sec-Ch-Ua': '"Chromium";v="134", "Not:A-Brand";v="24", "Google Chrome";v="134"', 'Sec-Ch-Ua-Mobile': '?0', 'Sec-Ch-Ua-Platform': '"macOS"', 'Upgrade-Insecure-Requests': '1', 'User-Agent': 'Mozilla/5.0 (Macintosh; Intel Mac OS X 10_15_7) AppleWebKit/537.36 (KHTML, like Gecko) Chrome/134.0.0.0 Safari/537.36', 'Accept': 'text/html,application/xhtml+xml,application/xml;q=0.9,image/avif,image/webp,image/apng,*/*;q=0.8,application/signed-exchange;v=b3;q=0.7', 'Sec-Fetch-Site': 'same-origin', 'Sec-Fetch-Mode': 'navigate', 'Sec-Fetch-User': '?1', 'Sec-Fetch-Dest': 'document', 'Referer': 'http://localhost:8080/', 'Accept-Encoding': 'gzip, deflate, br, zstd', 'Accept-Language': 'en-GB,en-US;q=0.9,en;q=0.8,hi;q=0.7', 'If-None-Match': '"1748684438.0-2037-3470199908"', 'If-Modified-Since': 'Sat, 31 May 2025 09:40:38 GMT'}
BODY:
--- REQUEST GET /admin-login ---
HEADERS:
{'Host': 'localhost:8080', 'Connection': 'keep-alive', 'Sec-Ch-Ua': '"Chromium";v="134", "Not:A-Brand";v="24", "Google Chrome";v="134"', 'Sec-Ch-Ua-Mobile': '?0', 'Sec-Ch-Ua-Platform': '"macOS"', 'Upgrade-Insecure-Requests': '1', 'User-Agent': 'Mozilla/5.0 (Macintosh; Intel Mac OS X 10_15_7) AppleWebKit/537.36 (KHTML, like Gecko) Chrome/134.0.0.0 Safari/537.36', 'Accept': 'text/html,application/xhtml+xml,application/xml;q=0.9,image/avif,image/webp,image/apng,*/*;q=0.8,application/signed-exchange;v=b3;q=0.7', 'Sec-Fetch-Site': 'same-origin', 'Sec-Fetch-Mode': 'navigate', 'Sec-Fetch-User': '?1', 'Sec-Fetch-Dest': 'document', 'Referer': 'http://localhost:8080/', 'Accept-Encoding': 'gzip, deflate, br, zstd', 'Accept-Language': 'en-GB,en-US;q=0.9,en;q=0.8,hi;q=0.7', 'If-None-Match': '"1748687793.0-2193-3470199908"', 'If-Modified-Since': 'Sat, 31 May 2025 10:36:33 GMT'}
BODY:
--- REQUEST GET /admin-register ---
HEADERS:
{'Host': 'localhost:8080', 'Connection': 'keep-alive', 'Sec-Ch-Ua': '"Chromium";v="134", "Not:A-Brand";v="24", "Google Chrome";v="134"', 'Sec-Ch-Ua-Mobile': '?0', 'Sec-Ch-Ua-Platform': '"macOS"', 'Upgrade-Insecure-Requests': '1', 'User-Agent': 'Mozilla/5.0 (Macintosh; Intel Mac OS X 10_15_7) AppleWebKit/537.36 (KHTML, like Gecko) Chrome/134.0.0.0 Safari/537.36', 'Accept': 'text/html,application/xhtml+xml,application/xml;q=0.9,image/avif,image/webp,image/apng,*/*;q=0.8,application/signed-exchange;v=b3;q=0.7', 'Sec-Fetch-Site': 'same-origin', 'Sec-Fetch-Mode': 'navigate', 'Sec-Fetch-User': '?1', 'Sec-Fetch-Dest': 'document', 'Referer': 'http://localhost:8080/admin-login', 'Accept-Encoding': 'gzip, deflate, br, zstd', 'Accept-Language': 'en-GB,en-US;q=0.9,en;q=0.8,hi;q=0.7'}
BODY:
--- REQUEST GET /admin-register ---
HEADERS:
{'Host': 'localhost:8080', 'Connection': 'keep-alive', 'Cache-Control': 'max-age=0', 'Sec-Ch-Ua': '"Chromium";v="134", "Not:A-Brand";v="24", "Google Chrome";v="134"', 'Sec-Ch-Ua-Mobile': '?0', 'Sec-Ch-Ua-Platform': '"macOS"', 'Upgrade-Insecure-Requests': '1', 'User-Agent': 'Mozilla/5.0 (Macintosh; Intel Mac OS X 10_15_7) AppleWebKit/537.36 (KHTML, like Gecko) Chrome/134.0.0.0 Safari/537.36', 'Accept': 'text/html,application/xhtml+xml,application/xml;q=0.9,image/avif,image/webp,image/apng,*/*;q=0.8,application/signed-exchange;v=b3;q=0.7', 'Sec-Fetch-Site': 'same-origin', 'Sec-Fetch-Mode': 'navigate', 'Sec-Fetch-User': '?1', 'Sec-Fetch-Dest': 'document', 'Referer': 'http://localhost:8080/admin-login', 'Accept-Encoding': 'gzip, deflate, br, zstd', 'Accept-Language': 'en-GB,en-US;q=0.9,en;q=0.8,hi;q=0.7', 'If-None-Match': '"1748687823.0-2802-3053063049"', 'If-Modified-Since': 'Sat, 31 May 2025 10:37:03 GMT'}
BODY:
--- REQUEST POST /admin-register ---
HEADERS:
{'Host': 'localhost:8080', 'Connection': 'keep-alive', 'Content-Length': '460', 'Sec-Ch-Ua-Platform': '"macOS"', 'User-Agent': 'Mozilla/5.0 (Macintosh; Intel Mac OS X 10_15_7) AppleWebKit/537.36 (KHTML, like Gecko) Chrome/134.0.0.0 Safari/537.36', 'Sec-Ch-Ua': '"Chromium";v="134", "Not:A-Brand";v="24", "Google Chrome";v="134"', 'Content-Type': 'multipart/form-data; boundary=----WebKitFormBoundaryBlCApNvh7QuWsDfk', 'Sec-Ch-Ua-Mobile': '?0', 'Accept': '*/*', 'Origin': 'http://localhost:8080', 'Sec-Fetch-Site': 'same-origin', 'Sec-Fetch-Mode': 'cors', 'Sec-Fetch-Dest': 'empty', 'Referer': 'http://localhost:8080/admin-register', 'Accept-Encoding': 'gzip, deflate, br, zstd', 'Accept-Language': 'en-GB,en-US;q=0.9,en;q=0.8,hi;q=0.7'}
BODY:
------WebKitFormBoundaryBlCApNvh7QuWsDfk
Content-Disposition: form-data; name="employee_id"

123456
------WebKitFormBoundaryBlCApNvh7QuWsDfk
Content-Disposition: form-data; name="username"

anshs
------WebKitFormBoundaryBlCApNvh7QuWsDfk

AAAAAAA
------WebKitFormBoundaryBlCApNvh7QuWsDfk

AAAAAAA
------WebKitFormBoundaryBlCApNvh7QuWsDfk--
--- RESPONSE POST /admin-register ---
HEADERS:
{'Content-Type': 'text/html; charset=utf-8', 'Allow': 'OPTIONS, HEAD, GET', 'Content-Length': '153'}
BODY:
<!doctype html>
<html lang=en>
<title>405 Method Not Allowed</title>
<h1>Method Not Allowed</h1>
<p>The method is not allowed for the requested URL.</p>
--- REQUEST POST /admin-login ---
HEADERS:
{'Host': 'localhost:8080', 'Connection': 'keep-alive', 'Content-Length': '36', 'Cache-Control': 'max-age=0', 'Sec-Ch-Ua': '"Chromium";v="134", "Not:A-Brand";v="24", "Google Chrome";v="134"', 'Sec-Ch-Ua-Mobile': '?0', 'Sec-Ch-Ua-Platform': '"macOS"', 'Origin': 'http://localhost:8080', 'Content-Type': 'application/x-www-form-urlencoded', 'Upgrade-Insecure-Requests': '1', 'User-Agent': 'Mozilla/5.0 (Macintosh; Intel Mac OS X 10_15_7) AppleWebKit/537.36 (KHTML, like Gecko) Chrome/134.0.0.0 Safari/537.36', 'Accept': 'text/html,application/xhtml+xml,application/xml;q=0.9,image/avif,image/webp,image/apng,*/*;q=0.8,application/signed-exchange;v=b3;q=0.7', 'Sec-Fetch-Site': 'same-origin', 'Sec-Fetch-Mode': 'navigate', 'Sec-Fetch-User': '?1', 'Sec-Fetch-Dest': 'document', 'Referer': 'http://localhost:8080/admin-login', 'Accept-Encoding': 'gzip, deflate, br, zstd', 'Accept-Language': 'en-GB,en-US;q=0.9,en;q=0.8,hi;q=0.7'}
BODY:
--- RESPONSE POST /admin-login ---
HEADERS:
{'Content-Type': 'application/json', 'Content-Length': '34', 'X-Content-Type-Options': 'nosniff'}
BODY:
{"message":"user does not exist"}
--- REQUEST GET /admin-register ---
HEADERS:
{'Host': 'localhost:8080', 'Connection': 'keep-alive', 'Sec-Ch-Ua': '"Chromium";v="134", "Not:A-Brand";v="24", "Google Chrome";v="134"', 'Sec-Ch-Ua-Mobile': '?0', 'Sec-Ch-Ua-Platform': '"macOS"', 'Upgrade-Insecure-Requests': '1', 'User-Agent': 'Mozilla/5.0 (Macintosh; Intel Mac OS X 10_15_7) AppleWebKit/537.36 (KHTML, like Gecko) Chrome/134.0.0.0 Safari/537.36', 'Accept': 'text/html,application/xhtml+xml,application/xml;q=0.9,image/avif,image/webp,image/apng,*/*;q=0.8,application/signed-exchange;v=b3;q=0.7', 'Sec-Fetch-Site': 'same-origin', 'Sec-Fetch-Mode': 'navigate', 'Sec-Fetch-User': '?1', 'Sec-Fetch-Dest': 'document', 'Referer': 'http://localhost:8080/admin-login', 'Accept-Encoding': 'gzip, deflate, br, zstd', 'Accept-Language': 'en-GB,en-US;q=0.9,en;q=0.8,hi;q=0.7', 'If-None-Match': '"1748688074.0-3534-3053063049"', 'If-Modified-Since': 'Sat, 31 May 2025 10:41:14 GMT'}
BODY:
--- REQUEST POST /admin-register ---
HEADERS:
{'Host': 'localhost:8080', 'Connection': 'keep-alive', 'Content-Length': '466', 'Sec-Ch-Ua-Platform': '"macOS"', 'User-Agent': 'Mozilla/5.0 (Macintosh; Intel Mac OS X 10_15_7) AppleWebKit/537.36 (KHTML, like Gecko) Chrome/134.0.0.0 Safari/537.36', 'Sec-Ch-Ua': '"Chromium";v="134", "Not:A-Brand";v="24", "Google Chrome";v="134"', 'Content-Type': 'multipart/form-data; boundary=----WebKitFormBoundaryg1kNY9DegoS1gAiE', 'Sec-Ch-Ua-Mobile': '?0', 'Accept': '*/*', 'Origin': 'http://localhost:8080', 'Sec-Fetch-Site': 'same-origin', 'Sec-Fetch-Mode': 'cors', 'Sec-Fetch-Dest': 'empty', 'Referer': 'http://localhost:8080/admin-register', 'Accept-Encoding': 'gzip, deflate, br, zstd', 'Accept-Language': 'en-GB,en-US;q=0.9,en;q=0.8,hi;q=0.7'}
BODY:
------WebKitFormBoundaryg1kNY9DegoS1gAiE
Content-Disposition: form-data; name="employee_id"

123456
------WebKitFormBoundaryg1kNY9DegoS1gAiE
Content-Disposition: form-data; name="username"

shdgidgdg
------WebKitFormBoundaryg1kNY9DegoS1gAiE

Anish123
------WebKitFormBoundaryg1kNY9DegoS1gAiE

Anish123
------WebKitFormBoundaryg1kNY9DegoS1gAiE--
--- RESPONSE POST /admin-register ---
HEADERS:
{'Content-Type': 'text/html; charset=utf-8', 'Content-Length': '30'}
BODY:
<html><h1>Anish123</h1></html>
--- REQUEST GET /admin-login ---
HEADERS:
{'Host': 'localhost:8080', 'Connection': 'keep-alive', 'Sec-Ch-Ua': '"Chromium";v="134", "Not:A-Brand";v="24", "Google Chrome";v="134"', 'Sec-Ch-Ua-Mobile': '?0', 'Sec-Ch-Ua-Platform': '"macOS"', 'Upgrade-Insecure-Requests': '1', 'User-Agent': 'Mozilla/5.0 (Macintosh; Intel Mac OS X 10_15_7) AppleWebKit/537.36 (KHTML, like Gecko) Chrome/134.0.0.0 Safari/537.36', 'Accept': 'text/html,application/xhtml+xml,application/xml;q=0.9,image/avif,image/webp,image/apng,*/*;q=0.8,application/signed-exchange;v=b3;q=0.7', 'Sec-Fetch-Site': 'same-origin', 'Sec-Fetch-Mode': 'navigate', 'Sec-Fetch-Dest': 'document', 'Referer': 'http://localhost:8080/admin-register', 'Accept-Encoding': 'gzip, deflate, br, zstd', 'Accept-Language': 'en-GB,en-US;q=0.9,en;q=0.8,hi;q=0.7', 'If-None-Match': '"1748687793.0-2193-3470199908"', 'If-Modified-Since': 'Sat, 31 May 2025 10:36:33 GMT'}
BODY:
